app/build/intermediates/manifest_merge_blame_file/release/processReleaseMainManifest/manifest-merger-blame-release-report.txt
1<?xml version="1.0" encoding="utf-8"?>
2<manifest xmlns:android="http://schemas.android.com/apk/res/android"
3    package="com.notex.create"
4    android:versionCode="1"
5    android:versionName="1.0" >
6
7    <uses-sdk
8        android:minSdkVersion="24"
9        android:targetSdkVersion="35" />
10
11    <permission
11-->[androidx.core:core:1.13.1] AndroidManifest.xml:22:5-24:47
12        android:name="com.notex.create.DYNAMIC_RECEIVER_NOT_EXPORTED_PERMISSION"
12-->[androidx.core:core:1.13.1] AndroidManifest.xml:23:9-81
13        android:protectionLevel="signature" />
13-->[androidx.core:core:1.13.1] AndroidManifest.xml:24:9-44
14
15    <uses-permission android:name="com.notex.create.DYNAMIC_RECEIVER_NOT_EXPORTED_PERMISSION" />
15-->[androidx.core:core:1.13.1] AndroidManifest.xml:26:5-97
15-->[androidx.core:core:1.13.1] AndroidManifest.xml:26:22-94
16
17    <application
17-->src/main/AndroidManifest.xml:5:2-55:16
18        android:allowBackup="true"
18-->src/main/AndroidManifest.xml:6:3-29
19        android:appComponentFactory="androidx.core.app.CoreComponentFactory"
19-->[androidx.core:core:1.13.1] AndroidManifest.xml:28:18-86
20        android:extractNativeLibs="false"
21        android:icon="@mipmap/ic_launcher"
21-->src/main/AndroidManifest.xml:7:3-37
22        android:label="@string/app_name"
22-->src/main/AndroidManifest.xml:8:3-35
23        android:requestLegacyExternalStorage="true"
23-->src/main/AndroidManifest.xml:9:3-46
24        android:theme="@style/AppTheme"
24-->src/main/AndroidManifest.xml:11:3-34
25        android:usesCleartextTraffic="true" >
25-->src/main/AndroidManifest.xml:10:3-38
26        <activity
26-->src/main/AndroidManifest.xml:12:3-23:14
27            android:name="com.notex.create.MainActivity"
27-->src/main/AndroidManifest.xml:13:4-32
28            android:configChanges="orientation|screenSize|keyboardHidden|smallestScreenSize|screenLayout"
28-->src/main/AndroidManifest.xml:14:4-97
29            android:exported="true"
29-->src/main/AndroidManifest.xml:18:4-27
30            android:hardwareAccelerated="true"
30-->src/main/AndroidManifest.xml:15:4-38
31            android:screenOrientation="portrait"
31-->src/main/AndroidManifest.xml:17:4-40
32            android:supportsPictureInPicture="true" >
32-->src/main/AndroidManifest.xml:16:4-43
33            <intent-filter>
33-->src/main/AndroidManifest.xml:19:4-22:20
34                <action android:name="android.intent.action.MAIN" />
34-->src/main/AndroidManifest.xml:20:5-57
34-->src/main/AndroidManifest.xml:20:13-54
35
36                <category android:name="android.intent.category.LAUNCHER" />
36-->src/main/AndroidManifest.xml:21:5-65
36-->src/main/AndroidManifest.xml:21:15-62
37            </intent-filter>
38        </activity>
39        <activity
39-->src/main/AndroidManifest.xml:24:3-29:43
40            android:name="com.notex.create.EditActivity"
40-->src/main/AndroidManifest.xml:25:4-32
41            android:configChanges="orientation|screenSize|keyboardHidden|smallestScreenSize|screenLayout"
41-->src/main/AndroidManifest.xml:26:4-97
42            android:hardwareAccelerated="true"
42-->src/main/AndroidManifest.xml:27:4-38
43            android:screenOrientation="portrait"
43-->src/main/AndroidManifest.xml:29:4-40
44            android:supportsPictureInPicture="true" />
44-->src/main/AndroidManifest.xml:28:4-43
45        <activity
45-->src/main/AndroidManifest.xml:30:3-34:46
46            android:name="com.notex.create.ViewActivity"
46-->src/main/AndroidManifest.xml:31:4-32
47            android:configChanges="orientation|screenSize|keyboardHidden|smallestScreenSize|screenLayout"
47-->src/main/AndroidManifest.xml:32:4-97
48            android:hardwareAccelerated="true"
48-->src/main/AndroidManifest.xml:33:4-38
49            android:supportsPictureInPicture="true" />
49-->src/main/AndroidManifest.xml:34:4-43
50        <activity
50-->src/main/AndroidManifest.xml:35:3-39:46
51            android:name="com.notex.create.SettingsActivity"
51-->src/main/AndroidManifest.xml:36:4-36
52            android:configChanges="orientation|screenSize|keyboardHidden|smallestScreenSize|screenLayout"
52-->src/main/AndroidManifest.xml:37:4-97
53            android:hardwareAccelerated="true"
53-->src/main/AndroidManifest.xml:38:4-38
54            android:supportsPictureInPicture="true" />
54-->src/main/AndroidManifest.xml:39:4-43
55
56        <provider
56-->src/main/AndroidManifest.xml:41:3-51:14
57            android:name="androidx.startup.InitializationProvider"
57-->src/main/AndroidManifest.xml:42:4-58
58            android:authorities="com.notex.create.androidx-startup"
58-->src/main/AndroidManifest.xml:43:4-59
59            android:exported="false" >
59-->src/main/AndroidManifest.xml:44:4-28
60            <meta-data
60-->src/main/AndroidManifest.xml:45:4-47:40
61                android:name="androidx.lifecycle.ProcessLifecycleInitializer"
61-->src/main/AndroidManifest.xml:46:5-66
62                android:value="androidx.startup" />
62-->src/main/AndroidManifest.xml:47:5-37
63            <meta-data
63-->src/main/AndroidManifest.xml:48:4-50:40
64                android:name="androidx.emoji2.text.EmojiCompatInitializer"
64-->src/main/AndroidManifest.xml:49:5-63
65                android:value="androidx.startup" />
65-->src/main/AndroidManifest.xml:50:5-37
66            <meta-data
66-->[androidx.profileinstaller:profileinstaller:1.3.1] AndroidManifest.xml:29:13-31:52
67                android:name="androidx.profileinstaller.ProfileInstallerInitializer"
67-->[androidx.profileinstaller:profileinstaller:1.3.1] AndroidManifest.xml:30:17-85
68                android:value="androidx.startup" />
68-->[androidx.profileinstaller:profileinstaller:1.3.1] AndroidManifest.xml:31:17-49
69        </provider>
70
71        <uses-library
71-->src/main/AndroidManifest.xml:52:3-54:31
72            android:name="org.apache.http.legacy"
72-->src/main/AndroidManifest.xml:53:4-41
73            android:required="false" />
73-->src/main/AndroidManifest.xml:54:4-28
74        <uses-library
74-->[androidx.window:window:1.0.0] AndroidManifest.xml:25:9-27:40
75            android:name="androidx.window.extensions"
75-->[androidx.window:window:1.0.0] AndroidManifest.xml:26:13-54
76            android:required="false" />
76-->[androidx.window:window:1.0.0] AndroidManifest.xml:27:13-37
77        <uses-library
77-->[androidx.window:window:1.0.0] AndroidManifest.xml:28:9-30:40
78            android:name="androidx.window.sidecar"
78-->[androidx.window:window:1.0.0] AndroidManifest.xml:29:13-51
79            android:required="false" />
79-->[androidx.window:window:1.0.0] AndroidManifest.xml:30:13-37
80
81        <receiver
81-->[androidx.profileinstaller:profileinstaller:1.3.1] AndroidManifest.xml:34:9-52:20
82            android:name="androidx.profileinstaller.ProfileInstallReceiver"
82-->[androidx.profileinstaller:profileinstaller:1.3.1] AndroidManifest.xml:35:13-76
83            android:directBootAware="false"
83-->[androidx.profileinstaller:profileinstaller:1.3.1] AndroidManifest.xml:36:13-44
84            android:enabled="true"
84-->[androidx.profileinstaller:profileinstaller:1.3.1] AndroidManifest.xml:37:13-35
85            android:exported="true"
85-->[androidx.profileinstaller:profileinstaller:1.3.1] AndroidManifest.xml:38:13-36
86            android:permission="android.permission.DUMP" >
86-->[androidx.profileinstaller:profileinstaller:1.3.1] AndroidManifest.xml:39:13-57
87            <intent-filter>
87-->[androidx.profileinstaller:profileinstaller:1.3.1] AndroidManifest.xml:40:13-42:29
88                <action android:name="androidx.profileinstaller.action.INSTALL_PROFILE" />
88-->[androidx.profileinstaller:profileinstaller:1.3.1] AndroidManifest.xml:41:17-91
88-->[androidx.profileinstaller:profileinstaller:1.3.1] AndroidManifest.xml:41:25-88
89            </intent-filter>
90            <intent-filter>
90-->[androidx.profileinstaller:profileinstaller:1.3.1] AndroidManifest.xml:43:13-45:29
91                <action android:name="androidx.profileinstaller.action.SKIP_FILE" />
91-->[androidx.profileinstaller:profileinstaller:1.3.1] AndroidManifest.xml:44:17-85
91-->[androidx.profileinstaller:profileinstaller:1.3.1] AndroidManifest.xml:44:25-82
92            </intent-filter>
93            <intent-filter>
93-->[androidx.profileinstaller:profileinstaller:1.3.1] AndroidManifest.xml:46:13-48:29
94                <action android:name="androidx.profileinstaller.action.SAVE_PROFILE" />
94-->[androidx.profileinstaller:profileinstaller:1.3.1] AndroidManifest.xml:47:17-88
94-->[androidx.profileinstaller:profileinstaller:1.3.1] AndroidManifest.xml:47:25-85
95            </intent-filter>
96            <intent-filter>
96-->[androidx.profileinstaller:profileinstaller:1.3.1] AndroidManifest.xml:49:13-51:29
97                <action android:name="androidx.profileinstaller.action.BENCHMARK_OPERATION" />
97-->[androidx.profileinstaller:profileinstaller:1.3.1] AndroidManifest.xml:50:17-95
97-->[androidx.profileinstaller:profileinstaller:1.3.1] AndroidManifest.xml:50:25-92
98            </intent-filter>
99        </receiver>
100    </application>
101
102</manifest>